<?xml version="1.0" encoding="UTF-8"?>
<testsuite xmlns:xsi="http://www.w3.org/2001/XMLSchema-instance" xsi:noNamespaceSchemaLocation="https://maven.apache.org/surefire/maven-surefire-plugin/xsd/surefire-test-report-3.0.xsd" version="3.0" name="com.leonardogonzalez.PersonaTest" time="0.121" tests="3" errors="0" skipped="0" failures="0">
  <properties>
[...]
</properties>
  <testcase name="testFactory" classname="com.leonardogonzalez.PersonaTest" time="0.05"/>
  <testcase name="fromString_ShouldThrowException_WhenInputIsNull" classname="com.leonardogonzalez.PersonaTest" time="0.012"/>
  <testcase name="fromString_ShouldThrowException_WhenEdadIsChar" classname="com.leonardogonzalez.PersonaTest" time="0.0"/>
</testsuite>